<?xml version="1.0" encoding="UTF-8"?>
<testsuite xmlns:xsi="http://www.w3.org/2001/XMLSchema-instance" xsi:noNamespaceSchemaLocation="https://maven.apache.org/surefire/maven-surefire-plugin/xsd/surefire-test-report-3.0.xsd" version="3.0" name="runner.RunTest" time="15.1" tests="1" errors="0" skipped="0" failures="0">
  <properties>
[...]
</properties>
  <testcase name="A user is able to open webpage of Finnish Meteorological Institute and check local weather" classname="Finnish Meteorological Institute Navigation" time="13.452">
    <system-out><![CDATA[
@testExercise
Scenario: A user is able to open webpage of Finnish Meteorological Institute and check local weather &amp#27;[90m# src/test/resources/features/fmi-scenario.feature:4&amp#27;[0m
  &amp#27;[32mGiven &amp#27;[0m&amp#27;[32mThe user has a webpage URL&amp#27;[0m                                                                   &amp#27;[90m# stepdefs.StepDefinitions.theUserHasAWebpageURL()&amp#27;[0m
  &amp#27;[32mWhen &amp#27;[0m&amp#27;[32mThe user opens the home page successfully&amp#27;[0m                                                     &amp#27;[90m# stepdefs.StepDefinitions.theUserOpensTheHomePageSuccessfully()&amp#27;[0m
Local Weather Displayed
  &amp#27;[32mThen &amp#27;[0m&amp#27;[32mThe user is able to check local weather successfully&amp#27;[0m                                          &amp#27;[90m# stepdefs.StepDefinitions.theUserIsAbleToCheckLocalWeatherSuccessfully()&amp#27;[0m
]]></system-out>
    <system-err><![CDATA[SLF4J: Failed to load class "org.slf4j.impl.StaticLoggerBinder".
SLF4J: Defaulting to no-operation (NOP) logger implementation
SLF4J: See http://www.slf4j.org/codes.html#StaticLoggerBinder for further details.
Starting ChromeDriver 89.0.4389.23 (61b08ee2c50024bab004e48d2b1b083cdbdac579-refs/branch-heads/4389@{#294}) on port 26325
Only local connections are allowed.
Please see https://chromedriver.chromium.org/security-considerations for suggestions on keeping ChromeDriver safe.
ChromeDriver was started successfully.
Mar 23, 2021 12:18:25 PM org.openqa.selenium.remote.ProtocolHandshake createSession
INFO: Detected dialect: W3C
Mar 23, 2021 12:18:25 PM org.openqa.selenium.devtools.CdpVersionFinder findNearestMatch
INFO: Found exact CDP implementation for version 89
]]></system-err>
  </testcase>
</testsuite>